STDOUT:
T/FunctionExtras.h:223:7: error: explicit template argument list not allowed
       Callbacks<CallableT, CalledAs, EnableIfTrivial<CallableT>>;
       ^~~~~~~~~~~~~~~~~~~~~~~~~~~~~~~~~~~~~~~~~~~~~~~~~~~~~~~~~~
[36/2563] Building CXX object lib/Support/CMakeFiles/LLVMSupport.dir/CodeGenCoverage.cpp.o
FAILED: lib/Support/CMakeFiles/LLVMSupport.dir/CodeGenCoverage.cpp.o 
CCACHE_CPP2=yes CCACHE_HASHDIR=yes /usr/bin/ccache /usr/bin/c++  -DGTEST_HAS_RTTI=0 -D_GNU_SOURCE -D__STDC_CONSTANT_MACROS -D__STDC_FORMAT_MACROS -D__STDC_LIMIT_MACROS -Ilib/Support -I/root/llvm-compile-time-tracker/llvm-project/llvm/lib/Support -Iinclude -I/root/llvm-compile-time-tracker/llvm-project/llvm/include -fPIC -fvisibility-inlines-hidden -Werror=date-time -Wall -Wextra -Wno-unused-parameter -Wwrite-strings -Wcast-qual -Wno-missing-field-initializers -pedantic -Wno-long-long -Wimplicit-fallthrough -Wno-maybe-uninitialized -Wno-noexcept-type -Wdelete-non-virtual-dtor -Wno-comment -fdiagnostics-color -ffunction-sections -fdata-sections -O3 -DNDEBUG   -std=c++14  -fno-exceptions -fno-rtti -MD -MT lib/Support/CMakeFiles/LLVMSupport.dir/CodeGenCoverage.cpp.o -MF lib/Support/CMakeFiles/LLVMSupport.dir/CodeGenCoverage.cpp.o.d -o lib/Support/CMakeFiles/LLVMSupport.dir/CodeGenCoverage.cpp.o -c /root/llvm-compile-time-tracker/llvm-project/llvm/lib/Support/CodeGenCoverage.cpp
In file included from /root/llvm-compile-time-tracker/llvm-project/llvm/include/llvm/Support/Threading.h:18:0,
                 from /root/llvm-compile-time-tracker/llvm-project/llvm/include/llvm/Support/Mutex.h:16,
                 from /root/llvm-compile-time-tracker/llvm-project/llvm/lib/Support/CodeGenCoverage.cpp:17:
/root/llvm-compile-time-tracker/llvm-project/llvm/include/llvm/ADT/FunctionExtras.h:223:7: error: explicit template argument list not allowed
       Callbacks<CallableT, CalledAs, EnableIfTrivial<CallableT>>;
       ^~~~~~~~~~~~~~~~~~~~~~~~~~~~~~~~~~~~~~~~~~~~~~~~~~~~~~~~~~
ninja: build stopped: subcommand failed.


STDERR:
CMake Warning at CMakeLists.txt:6 (message):
  Your CMake version is 3.10.2.  Starting with LLVM 12.0.0, the minimum
  version of CMake required to build LLVM will become 3.13.4, and using an
  older CMake will become an error.  Please upgrade your CMake to at least
  3.13.4 now to avoid issues in the future!


-- Version: 0.0.0
-- Performing Test HAVE_GNU_POSIX_REGEX
-- Performing Test HAVE_GNU_POSIX_REGEX
-- Performing Test HAVE_GNU_POSIX_REGEX -- failed to compile
-- Performing Test HAVE_POSIX_REGEX
-- Performing Test HAVE_POSIX_REGEX
-- Performing Test HAVE_POSIX_REGEX -- success
-- Performing Test HAVE_STEADY_CLOCK
-- Performing Test HAVE_STEADY_CLOCK
-- Performing Test HAVE_STEADY_CLOCK -- success
Command exited with non-zero status 1
2.58user 0.47system 0:01.80elapsed 168%CPU (0avgtext+0avgdata 146388maxresident)k
0inputs+14832outputs (0major+94423minor)pagefaults 0swaps
