MESSAGE: Execution of "./build_llvm_test_suite.sh NewPM-O3" failed

STDOUT:
[585/650] Building C object CTMark/consumer-typeset/CMakeFiles/consumer-typeset.dir/z20.c.o
[586/650] Building C object CTMark/consumer-typeset/CMakeFiles/consumer-typeset.dir/z23.c.o
[587/650] Building C object CTMark/consumer-typeset/CMakeFiles/consumer-typeset.dir/z24.c.o
[588/650] Building C object CTMark/consumer-typeset/CMakeFiles/consumer-typeset.dir/z25.c.o
[589/650] Building C object CTMark/consumer-typeset/CMakeFiles/consumer-typeset.dir/z26.c.o
[590/650] Building C object CTMark/consumer-typeset/CMakeFiles/consumer-typeset.dir/z22.c.o
[591/650] Building C object CTMark/consumer-typeset/CMakeFiles/consumer-typeset.dir/z27.c.o
[592/650] Building C object CTMark/consumer-typeset/CMakeFiles/consumer-typeset.dir/z28.c.o
[593/650] Building C object CTMark/consumer-typeset/CMakeFiles/consumer-typeset.dir/z30.c.o
[594/650] Building C object CTMark/consumer-typeset/CMakeFiles/consumer-typeset.dir/z31.c.o
[595/650] Building C object CTMark/consumer-typeset/CMakeFiles/consumer-typeset.dir/z32.c.o
[596/650] Building C object CTMark/consumer-typeset/CMakeFiles/consumer-typeset.dir/z29.c.o
[597/650] Building C object CTMark/consumer-typeset/CMakeFiles/consumer-typeset.dir/z34.c.o
[598/650] Building C object CTMark/consumer-typeset/CMakeFiles/consumer-typeset.dir/z33.c.o
[599/650] Building C object CTMark/consumer-typeset/CMakeFiles/consumer-typeset.dir/z35.c.o
[600/650] Building C object CTMark/consumer-typeset/CMakeFiles/consumer-typeset.dir/z36.c.o
[601/650] Building C object CTMark/consumer-typeset/CMakeFiles/consumer-typeset.dir/z38.c.o
[602/650] Building C object CTMark/consumer-typeset/CMakeFiles/consumer-typeset.dir/z37.c.o
[603/650] Building C object CTMark/consumer-typeset/CMakeFiles/consumer-typeset.dir/z39.c.o
[604/650] Building C object CTMark/consumer-typeset/CMakeFiles/consumer-typeset.dir/z40.c.o
[605/650] Building C object CTMark/consumer-typeset/CMakeFiles/consumer-typeset.dir/z41.c.o
[606/650] Building C object CTMark/consumer-typeset/CMakeFiles/consumer-typeset.dir/z42.c.o
[607/650] Building C object CTMark/consumer-typeset/CMakeFiles/consumer-typeset.dir/z43.c.o
[608/650] Building C object CTMark/consumer-typeset/CMakeFiles/consumer-typeset.dir/z45.c.o
[609/650] Building C object CTMark/consumer-typeset/CMakeFiles/consumer-typeset.dir/z44.c.o
[610/650] Building C object CTMark/consumer-typeset/CMakeFiles/consumer-typeset.dir/z46.c.o
[611/650] Building C object CTMark/consumer-typeset/CMakeFiles/consumer-typeset.dir/z47.c.o
[612/650] Building C object CTMark/consumer-typeset/CMakeFiles/consumer-typeset.dir/z48.c.o
[613/650] Building C object CTMark/consumer-typeset/CMakeFiles/consumer-typeset.dir/z49.c.o
[614/650] Building C object CTMark/consumer-typeset/CMakeFiles/consumer-typeset.dir/z51.c.o
[615/650] Building C object CTMark/consumer-typeset/CMakeFiles/consumer-typeset.dir/z50.c.o
[616/650] Linking C executable CTMark/consumer-typeset/consumer-typeset
[617/650] Building C object CTMark/mafft/CMakeFiles/pairlocalalign.dir/Calignm1.c.o
[618/650] Building C object CTMark/mafft/CMakeFiles/pairlocalalign.dir/defs.c.o
[619/650] Building C object CTMark/mafft/CMakeFiles/pairlocalalign.dir/constants.c.o
[620/650] Building C object CTMark/mafft/CMakeFiles/pairlocalalign.dir/fft.c.o
[621/650] Building C object CTMark/mafft/CMakeFiles/pairlocalalign.dir/Falign.c.o
[622/650] Building C object CTMark/mafft/CMakeFiles/pairlocalalign.dir/Galign11.c.o
[623/650] Building C object CTMark/mafft/CMakeFiles/pairlocalalign.dir/fftFunctions.c.o
[624/650] Building C object CTMark/mafft/CMakeFiles/pairlocalalign.dir/genalign11.c.o
[625/650] Building C object CTMark/mafft/CMakeFiles/pairlocalalign.dir/genGalign11.c.o
[626/650] Building C object CTMark/mafft/CMakeFiles/pairlocalalign.dir/Halignmm.c.o
[627/650] Building C object CTMark/mafft/CMakeFiles/pairlocalalign.dir/Lalign11.c.o
[628/650] Building C object CTMark/mafft/CMakeFiles/pairlocalalign.dir/io.c.o
[629/650] Building C object CTMark/mafft/CMakeFiles/pairlocalalign.dir/Lalignmm.c.o
[630/650] Building C object CTMark/mafft/CMakeFiles/pairlocalalign.dir/MSalign11.c.o
[631/650] Building C object CTMark/mafft/CMakeFiles/pairlocalalign.dir/MSalignmm.c.o
[632/650] Building C object CTMark/mafft/CMakeFiles/pairlocalalign.dir/mtxutl.c.o
[633/650] Building CXX object CTMark/tramp3d-v4/CMakeFiles/tramp3d-v4.dir/tramp3d-v4.cpp.o
[634/650] Linking CXX executable CTMark/tramp3d-v4/tramp3d-v4
[635/650] Building C object CTMark/mafft/CMakeFiles/pairlocalalign.dir/pairlocalalign.c.o
[636/650] Building C object CTMark/mafft/CMakeFiles/pairlocalalign.dir/mltaln9.c.o
[637/650] Building C object CTMark/mafft/CMakeFiles/pairlocalalign.dir/partQalignmm.c.o
[638/650] Building C object CTMark/mafft/CMakeFiles/pairlocalalign.dir/partSalignmm.c.o
[639/650] Building C object CTMark/mafft/CMakeFiles/pairlocalalign.dir/rna.c.o
[640/650] Building C object CTMark/mafft/CMakeFiles/pairlocalalign.dir/Ralignmm.c.o
[641/650] Building C object CTMark/mafft/CMakeFiles/pairlocalalign.dir/Qalignmm.c.o
[642/650] Building C object CTMark/mafft/CMakeFiles/pairlocalalign.dir/SAalignmm.c.o
[643/650] Building C object CTMark/mafft/CMakeFiles/pairlocalalign.dir/suboptalign11.c.o
[644/650] Building C object CTMark/mafft/CMakeFiles/pairlocalalign.dir/tddis.c.o
[645/650] Building C object CTMark/mafft/CMakeFiles/pairlocalalign.dir/Salignmm.c.o
[646/650] Linking C executable CTMark/mafft/pairlocalalign
[647/650] Building C object CTMark/sqlite3/CMakeFiles/sqlite3.dir/sqlite3.c.o
[648/650] Linking C executable CTMark/sqlite3/sqlite3
[649/650] Building C object CTMark/ClamAV/CMakeFiles/clamscan.dir/libclamav_phishcheck.c.o
FAILED: CTMark/ClamAV/CMakeFiles/clamscan.dir/libclamav_phishcheck.c.o 
/root/llvm-compile-time-tracker/llvm-test-suite-build/tools/timeit --summary CTMark/ClamAV/CMakeFiles/clamscan.dir/libclamav_phishcheck.c.o.time /root/llvm-compile-time-tracker/llvm-project-build/bin/clang -DNDEBUG  -fexperimental-new-pass-manager -O3   -w -Werror=date-time -DHAVE_CONFIG_H -I/root/llvm-compile-time-tracker/llvm-test-suite/CTMark/ClamAV -I/root/llvm-compile-time-tracker/llvm-test-suite/CTMark/ClamAV/zlib -DDONT_LOCK_DBDIRS -DC_LINUX -DFPU_WORDS_BIGENDIAN=0 -DWORDS_BIGENDIAN=0 -MD -MT CTMark/ClamAV/CMakeFiles/clamscan.dir/libclamav_phishcheck.c.o -MF CTMark/ClamAV/CMakeFiles/clamscan.dir/libclamav_phishcheck.c.o.d -o CTMark/ClamAV/CMakeFiles/clamscan.dir/libclamav_phishcheck.c.o   -c /root/llvm-compile-time-tracker/llvm-test-suite/CTMark/ClamAV/libclamav_phishcheck.c
PLEASE submit a bug report to https://bugs.llvm.org/ and include the crash backtrace, preprocessed source, and associated run script.
Stack dump:
0.	Program arguments: /root/llvm-compile-time-tracker/llvm-project-build/bin/clang -DNDEBUG -fexperimental-new-pass-manager -O3 -w -Werror=date-time -DHAVE_CONFIG_H -I/root/llvm-compile-time-tracker/llvm-test-suite/CTMark/ClamAV -I/root/llvm-compile-time-tracker/llvm-test-suite/CTMark/ClamAV/zlib -DDONT_LOCK_DBDIRS -DC_LINUX -DFPU_WORDS_BIGENDIAN=0 -DWORDS_BIGENDIAN=0 -MD -MT CTMark/ClamAV/CMakeFiles/clamscan.dir/libclamav_phishcheck.c.o -MF CTMark/ClamAV/CMakeFiles/clamscan.dir/libclamav_phishcheck.c.o.d -o CTMark/ClamAV/CMakeFiles/clamscan.dir/libclamav_phishcheck.c.o -c /root/llvm-compile-time-tracker/llvm-test-suite/CTMark/ClamAV/libclamav_phishcheck.c 
1.	<eof> parser at end of file
2.	Code generation
3.	Running pass 'Function Pass Manager' on module '/root/llvm-compile-time-tracker/llvm-test-suite/CTMark/ClamAV/libclamav_phishcheck.c'.
4.	Running pass 'X86 DAG->DAG Instruction Selection' on function '@str_fixup_spaces'
 #0 0x00005646216d17d1 llvm::sys::PrintStackTrace(llvm::raw_ostream&, int) (/root/llvm-compile-time-tracker/llvm-project-build/bin/clang+0x1bc97d1)
 #1 0x00005646216cf594 llvm::sys::RunSignalHandlers() (/root/llvm-compile-time-tracker/llvm-project-build/bin/clang+0x1bc7594)
 #2 0x00005646216cf831 llvm::sys::CleanupOnSignal(unsigned long) (/root/llvm-compile-time-tracker/llvm-project-build/bin/clang+0x1bc7831)
 #3 0x0000564621643248 CrashRecoverySignalHandler(int) (/root/llvm-compile-time-tracker/llvm-project-build/bin/clang+0x1b3b248)
 #4 0x00007f0f91abf3c0 __restore_rt (/lib/x86_64-linux-gnu/libpthread.so.0+0x153c0)
 #5 0x00005646224b7452 llvm::SelectionDAG::createOperands(llvm::SDNode*, llvm::ArrayRef<llvm::SDValue>) (/root/llvm-compile-time-tracker/llvm-project-build/bin/clang+0x29af452)
 #6 0x00005646224c2c84 llvm::SelectionDAG::getNode(unsigned int, llvm::SDLoc const&, llvm::EVT, llvm::ArrayRef<llvm::SDValue>, llvm::SDNodeFlags) (/root/llvm-compile-time-tracker/llvm-project-build/bin/clang+0x29bac84)
 #7 0x0000564622566c6d llvm::DAGTypeLegalizer::SplitVecRes_BUILD_VECTOR(llvm::SDNode*, llvm::SDValue&, llvm::SDValue&) (/root/llvm-compile-time-tracker/llvm-project-build/bin/clang+0x2a5ec6d)
 #8 0x000056462256f435 llvm::DAGTypeLegalizer::SplitVectorResult(llvm::SDNode*, unsigned int) (/root/llvm-compile-time-tracker/llvm-project-build/bin/clang+0x2a67435)
 #9 0x0000564622550363 llvm::DAGTypeLegalizer::run() (/root/llvm-compile-time-tracker/llvm-project-build/bin/clang+0x2a48363)
#10 0x00005646225509f1 llvm::SelectionDAG::LegalizeTypes() (/root/llvm-compile-time-tracker/llvm-project-build/bin/clang+0x2a489f1)
#11 0x00005646224ed185 llvm::SelectionDAGISel::CodeGenAndEmitDAG() (/root/llvm-compile-time-tracker/llvm-project-build/bin/clang+0x29e5185)
#12 0x00005646224f1a3d llvm::SelectionDAGISel::SelectAllBasicBlocks(llvm::Function const&) (/root/llvm-compile-time-tracker/llvm-project-build/bin/clang+0x29e9a3d)
#13 0x00005646224f45cd llvm::SelectionDAGISel::runOnMachineFunction(llvm::MachineFunction&) (.part.0) (/root/llvm-compile-time-tracker/llvm-project-build/bin/clang+0x29ec5cd)
#14 0x000056462062531d (anonymous namespace)::X86DAGToDAGISel::runOnMachineFunction(llvm::MachineFunction&) (/root/llvm-compile-time-tracker/llvm-project-build/bin/clang+0xb1d31d)
#15 0x0000564620bbc17c llvm::MachineFunctionPass::runOnFunction(llvm::Function&) (/root/llvm-compile-time-tracker/llvm-project-build/bin/clang+0x10b417c)
#16 0x0000564621029500 llvm::FPPassManager::runOnFunction(llvm::Function&) (/root/llvm-compile-time-tracker/llvm-project-build/bin/clang+0x1521500)
#17 0x000056462102ab49 llvm::FPPassManager::runOnModule(llvm::Module&) (/root/llvm-compile-time-tracker/llvm-project-build/bin/clang+0x1522b49)
#18 0x0000564621028830 llvm::legacy::PassManagerImpl::run(llvm::Module&) (/root/llvm-compile-time-tracker/llvm-project-build/bin/clang+0x1520830)
#19 0x00005646219810e3 (anonymous namespace)::EmitAssemblyHelper::EmitAssemblyWithNewPassManager(clang::BackendAction, std::unique_ptr<llvm::raw_pwrite_stream, std::default_delete<llvm::raw_pwrite_stream> >) (/root/llvm-compile-time-tracker/llvm-project-build/bin/clang+0x1e790e3)
#20 0x0000564621986125 clang::EmitBackendOutput(clang::DiagnosticsEngine&, clang::HeaderSearchOptions const&, clang::CodeGenOptions const&, clang::TargetOptions const&, clang::LangOptions const&, llvm::DataLayout const&, llvm::Module*, clang::BackendAction, std::unique_ptr<llvm::raw_pwrite_stream, std::default_delete<llvm::raw_pwrite_stream> >) (/root/llvm-compile-time-tracker/llvm-project-build/bin/clang+0x1e7e125)
#21 0x0000564622605899 clang::BackendConsumer::HandleTranslationUnit(clang::ASTContext&) (/root/llvm-compile-time-tracker/llvm-project-build/bin/clang+0x2afd899)
#22 0x0000564622a16259 clang::ParseAST(clang::Sema&, bool, bool) (/root/llvm-compile-time-tracker/llvm-project-build/bin/clang+0x2f0e259)
#23 0x0000564621fa1b69 clang::FrontendAction::Execute() (/root/llvm-compile-time-tracker/llvm-project-build/bin/clang+0x2499b69)
#24 0x0000564621f55b6b clang::CompilerInstance::ExecuteAction(clang::FrontendAction&) (/root/llvm-compile-time-tracker/llvm-project-build/bin/clang+0x244db6b)
#25 0x0000564622072b44 clang::ExecuteCompilerInvocation(clang::CompilerInstance*) (/root/llvm-compile-time-tracker/llvm-project-build/bin/clang+0x256ab44)
#26 0x0000564620575197 cc1_main(llvm::ArrayRef<char const*>, char const*, void*) (/root/llvm-compile-time-tracker/llvm-project-build/bin/clang+0xa6d197)
#27 0x0000564620572d2b ExecuteCC1Tool(llvm::SmallVectorImpl<char const*>&) (/root/llvm-compile-time-tracker/llvm-project-build/bin/clang+0xa6ad2b)
#28 0x0000564621e0f919 void llvm::function_ref<void ()>::callback_fn<clang::driver::CC1Command::Execute(llvm::ArrayRef<llvm::Optional<llvm::StringRef> >, std::__cxx11::basic_string<char, std::char_traits<char>, std::allocator<char> >*, bool*) const::'lambda'()>(long) (/root/llvm-compile-time-tracker/llvm-project-build/bin/clang+0x2307919)
#29 0x0000564621643347 llvm::CrashRecoveryContext::RunSafely(llvm::function_ref<void ()>) (/root/llvm-compile-time-tracker/llvm-project-build/bin/clang+0x1b3b347)
#30 0x0000564621e10405 clang::driver::CC1Command::Execute(llvm::ArrayRef<llvm::Optional<llvm::StringRef> >, std::__cxx11::basic_string<char, std::char_traits<char>, std::allocator<char> >*, bool*) const (.part.0) (/root/llvm-compile-time-tracker/llvm-project-build/bin/clang+0x2308405)
#31 0x0000564621de57ec clang::driver::Compilation::ExecuteCommand(clang::driver::Command const&, clang::driver::Command const*&) const (/root/llvm-compile-time-tracker/llvm-project-build/bin/clang+0x22dd7ec)
#32 0x0000564621de60e6 clang::driver::Compilation::ExecuteJobs(clang::driver::JobList const&, llvm::SmallVectorImpl<std::pair<int, clang::driver::Command const*> >&) const (/root/llvm-compile-time-tracker/llvm-project-build/bin/clang+0x22de0e6)
#33 0x0000564621ded64f clang::driver::Driver::ExecuteCompilation(clang::driver::Compilation&, llvm::SmallVectorImpl<std::pair<int, clang::driver::Command const*> >&) (/root/llvm-compile-time-tracker/llvm-project-build/bin/clang+0x22e564f)
#34 0x00005646205011a3 main (/root/llvm-compile-time-tracker/llvm-project-build/bin/clang+0x9f91a3)
#35 0x00007f0f9158e0b3 __libc_start_main (/lib/x86_64-linux-gnu/libc.so.6+0x270b3)
#36 0x00005646205728be _start (/root/llvm-compile-time-tracker/llvm-project-build/bin/clang+0xa6a8be)
clang-12: error: clang frontend command failed with exit code 139 (use -v to see invocation)
clang version 12.0.0
Target: x86_64-unknown-linux-gnu
Thread model: posix
InstalledDir: /root/llvm-compile-time-tracker/llvm-project-build/bin
clang-12: note: diagnostic msg: 
********************

PLEASE ATTACH THE FOLLOWING FILES TO THE BUG REPORT:
Preprocessed source(s) and associated run script(s) are located at:
clang-12: note: diagnostic msg: /tmp/libclamav_phishcheck-b1edfd.c
clang-12: note: diagnostic msg: /tmp/libclamav_phishcheck-b1edfd.sh
clang-12: note: diagnostic msg: 

********************
ninja: build stopped: subcommand failed.


STDERR:
