MESSAGE: Execution of "./build_llvm_test_suite.sh NewPM-O3" failed

STDOUT:
[319/650] Building CXX object CTMark/Bullet/CMakeFiles/bullet.dir/btSoftSoftCollisionAlgorithm.cpp.o
[320/650] Building CXX object CTMark/Bullet/CMakeFiles/bullet.dir/btSoftRigidDynamicsWorld.cpp.o
[321/650] Building CXX object CTMark/Bullet/CMakeFiles/bullet.dir/btSoftBodyHelpers.cpp.o
[322/650] Building CXX object CTMark/Bullet/CMakeFiles/bullet.dir/btSphereShape.cpp.o
[323/650] Building CXX object CTMark/Bullet/CMakeFiles/bullet.dir/btSphereBoxCollisionAlgorithm.cpp.o
[324/650] Building CXX object CTMark/Bullet/CMakeFiles/bullet.dir/btSphereSphereCollisionAlgorithm.cpp.o
[325/650] Building CXX object CTMark/Bullet/CMakeFiles/bullet.dir/btStaticPlaneShape.cpp.o
[326/650] Building CXX object CTMark/Bullet/CMakeFiles/bullet.dir/btSphereTriangleCollisionAlgorithm.cpp.o
[327/650] Building CXX object CTMark/Bullet/CMakeFiles/bullet.dir/btTriangleBuffer.cpp.o
[328/650] Building CXX object CTMark/Bullet/CMakeFiles/bullet.dir/btStridingMeshInterface.cpp.o
[329/650] Building CXX object CTMark/Bullet/CMakeFiles/bullet.dir/btTetrahedronShape.cpp.o
[330/650] Building CXX object CTMark/Bullet/CMakeFiles/bullet.dir/btSubSimplexConvexCast.cpp.o
[331/650] Building CXX object CTMark/Bullet/CMakeFiles/bullet.dir/btTriangleCallback.cpp.o
[332/650] Building CXX object CTMark/Bullet/CMakeFiles/bullet.dir/btTriangleIndexVertexArray.cpp.o
[333/650] Building CXX object CTMark/Bullet/CMakeFiles/bullet.dir/btTriangleIndexVertexMaterialArray.cpp.o
[334/650] Building CXX object CTMark/Bullet/CMakeFiles/bullet.dir/btTriangleMeshShape.cpp.o
[335/650] Building CXX object CTMark/Bullet/CMakeFiles/bullet.dir/btTypedConstraint.cpp.o
[336/650] Building CXX object CTMark/Bullet/CMakeFiles/bullet.dir/btTriangleMesh.cpp.o
[337/650] Building CXX object CTMark/Bullet/CMakeFiles/bullet.dir/btTriangleShapeEx.cpp.o
[338/650] Building CXX object CTMark/Bullet/CMakeFiles/bullet.dir/btUniformScalingShape.cpp.o
[339/650] Building CXX object CTMark/Bullet/CMakeFiles/bullet.dir/btUnionFind.cpp.o
[340/650] Building CXX object CTMark/Bullet/CMakeFiles/bullet.dir/btWheelInfo.cpp.o
[341/650] Building CXX object CTMark/Bullet/CMakeFiles/bullet.dir/btUniversalConstraint.cpp.o
[342/650] Building CXX object CTMark/Bullet/CMakeFiles/bullet.dir/btVoronoiSimplexSolver.cpp.o
[343/650] Building CXX object CTMark/Bullet/CMakeFiles/bullet.dir/gim_memory.cpp.o
[344/650] Building CXX object CTMark/Bullet/CMakeFiles/bullet.dir/gim_box_set.cpp.o
[345/650] Building CXX object CTMark/Bullet/CMakeFiles/bullet.dir/gim_contact.cpp.o
[346/650] Building CXX object CTMark/Bullet/CMakeFiles/bullet.dir/gim_tri_collision.cpp.o
[347/650] Building CXX object CTMark/Bullet/CMakeFiles/bullet.dir/main.cpp.o
[348/650] Building CXX object CTMark/kimwitu++/CMakeFiles/kc.dir/abs.cc.o
[349/650] Building CXX object CTMark/kimwitu++/CMakeFiles/kc.dir/gen.cc.o
[350/650] Building CXX object CTMark/kimwitu++/CMakeFiles/kc.dir/error.cc.o
[351/650] Building CXX object CTMark/kimwitu++/CMakeFiles/kc.dir/gutil.cc.o
[352/650] Building CXX object CTMark/kimwitu++/CMakeFiles/kc.dir/kimwl.cc.o
[353/650] Building CXX object CTMark/Bullet/CMakeFiles/bullet.dir/btSoftBody.cpp.o
[354/650] Building CXX object CTMark/tramp3d-v4/CMakeFiles/tramp3d-v4.dir/tramp3d-v4.cpp.o
FAILED: CTMark/tramp3d-v4/CMakeFiles/tramp3d-v4.dir/tramp3d-v4.cpp.o 
/root/llvm-compile-time-tracker/llvm-test-suite-build/tools/timeit --summary CTMark/tramp3d-v4/CMakeFiles/tramp3d-v4.dir/tramp3d-v4.cpp.o.time /root/llvm-compile-time-tracker/llvm-project-build/bin/clang++  -DNDEBUG  -fexperimental-new-pass-manager -O3   -w -Werror=date-time -fno-exceptions -MD -MT CTMark/tramp3d-v4/CMakeFiles/tramp3d-v4.dir/tramp3d-v4.cpp.o -MF CTMark/tramp3d-v4/CMakeFiles/tramp3d-v4.dir/tramp3d-v4.cpp.o.d -o CTMark/tramp3d-v4/CMakeFiles/tramp3d-v4.dir/tramp3d-v4.cpp.o -c /root/llvm-compile-time-tracker/llvm-test-suite/CTMark/tramp3d-v4/tramp3d-v4.cpp
PLEASE submit a bug report to https://bugs.llvm.org/ and include the crash backtrace, preprocessed source, and associated run script.
Stack dump:
0.	Program arguments: /root/llvm-compile-time-tracker/llvm-project-build/bin/clang++ -DNDEBUG -fexperimental-new-pass-manager -O3 -w -Werror=date-time -fno-exceptions -MD -MT CTMark/tramp3d-v4/CMakeFiles/tramp3d-v4.dir/tramp3d-v4.cpp.o -MF CTMark/tramp3d-v4/CMakeFiles/tramp3d-v4.dir/tramp3d-v4.cpp.o.d -o CTMark/tramp3d-v4/CMakeFiles/tramp3d-v4.dir/tramp3d-v4.cpp.o -c /root/llvm-compile-time-tracker/llvm-test-suite/CTMark/tramp3d-v4/tramp3d-v4.cpp
1.	<eof> parser at end of file
2.	/usr/lib/gcc/x86_64-linux-gnu/9/../../../../include/c++/9/bits/stl_algo.h:4857:5: instantiating function definition 'std::sort<__gnu_cxx::__normal_iterator<int *, std::vector<int>>>'
3.	/usr/lib/gcc/x86_64-linux-gnu/9/../../../../include/c++/9/bits/stl_algo.h:1962:5: instantiating function definition 'std::__sort<__gnu_cxx::__normal_iterator<int *, std::vector<int>>, __gnu_cxx::__ops::_Iter_less_iter>'
4.	/usr/lib/gcc/x86_64-linux-gnu/9/../../../../include/c++/9/bits/stl_algo.h:1939:5: instantiating function definition 'std::__introsort_loop<__gnu_cxx::__normal_iterator<int *, std::vector<int>>, long, __gnu_cxx::__ops::_Iter_less_iter>'
5.	/usr/lib/gcc/x86_64-linux-gnu/9/../../../../include/c++/9/bits/stl_algo.h:1916:5: instantiating function definition 'std::__unguarded_partition_pivot<__gnu_cxx::__normal_iterator<int *, std::vector<int>>, __gnu_cxx::__ops::_Iter_less_iter>'
6.	/usr/lib/gcc/x86_64-linux-gnu/9/../../../../include/c++/9/bits/stl_algo.h:78:5: instantiating function definition 'std::__move_median_to_first<__gnu_cxx::__normal_iterator<int *, std::vector<int>>, __gnu_cxx::__ops::_Iter_less_iter>'
7.	/usr/lib/gcc/x86_64-linux-gnu/9/../../../../include/c++/9/bits/algorithmfwd.h:349:5: instantiating function definition 'std::iter_swap<__gnu_cxx::__normal_iterator<int *, std::vector<int>>, __gnu_cxx::__normal_iterator<int *, std::vector<int>>>'
8.	/usr/lib/gcc/x86_64-linux-gnu/9/../../../../include/c++/9/bits/move.h:182:5: instantiating function definition 'std::swap<int>'
9.	/usr/lib/gcc/x86_64-linux-gnu/9/../../../../include/c++/9/bits/move.h:182:5: LLVM IR generation of declaration 'std::swap'
10.	/usr/lib/gcc/x86_64-linux-gnu/9/../../../../include/c++/9/bits/move.h:182:5: Mangling declaration 'std::swap'
 #0 0x000056160a33c731 llvm::sys::PrintStackTrace(llvm::raw_ostream&, int) (/root/llvm-compile-time-tracker/llvm-project-build/bin/clang+++0x1c23731)
 #1 0x000056160a33a4f4 llvm::sys::RunSignalHandlers() (/root/llvm-compile-time-tracker/llvm-project-build/bin/clang+++0x1c214f4)
 #2 0x000056160a33a791 llvm::sys::CleanupOnSignal(unsigned long) (/root/llvm-compile-time-tracker/llvm-project-build/bin/clang+++0x1c21791)
 #3 0x000056160a2aa468 CrashRecoverySignalHandler(int) (/root/llvm-compile-time-tracker/llvm-project-build/bin/clang+++0x1b91468)
 #4 0x00007f5afdc8d3c0 __restore_rt (/lib/x86_64-linux-gnu/libpthread.so.0+0x153c0)
 #5 0x000056160c2959d4 clang::Decl::isParameterPack() const (/root/llvm-compile-time-tracker/llvm-project-build/bin/clang+++0x3b7c9d4)
 #6 0x000056160c41431b (anonymous namespace)::CXXNameMangler::mangleTemplateArgs(clang::TemplateName, clang::TemplateArgument const*, unsigned int) (/root/llvm-compile-time-tracker/llvm-project-build/bin/clang+++0x3cfb31b)
 #7 0x000056160c4145ca (anonymous namespace)::CXXNameMangler::mangleUnresolvedTypeOrSimpleId(clang::QualType, llvm::StringRef) (/root/llvm-compile-time-tracker/llvm-project-build/bin/clang+++0x3cfb5ca)
 #8 0x000056160c414934 (anonymous namespace)::CXXNameMangler::mangleUnresolvedPrefix(clang::NestedNameSpecifier*, bool) (/root/llvm-compile-time-tracker/llvm-project-build/bin/clang+++0x3cfb934)
 #9 0x000056160c417f79 (anonymous namespace)::CXXNameMangler::mangleUnresolvedName(clang::NestedNameSpecifier*, clang::DeclarationName, clang::TemplateArgumentLoc const*, unsigned int, unsigned int) (/root/llvm-compile-time-tracker/llvm-project-build/bin/clang+++0x3cfef79)
#10 0x000056160c40d3f0 (anonymous namespace)::CXXNameMangler::mangleExpression(clang::Expr const*, unsigned int) (/root/llvm-compile-time-tracker/llvm-project-build/bin/clang+++0x3cf43f0)
#11 0x000056160c414049 (anonymous namespace)::CXXNameMangler::mangleTemplateArg(clang::TemplateArgument, bool) (/root/llvm-compile-time-tracker/llvm-project-build/bin/clang+++0x3cfb049)
#12 0x000056160c4142ed (anonymous namespace)::CXXNameMangler::mangleTemplateArgs(clang::TemplateName, clang::TemplateArgument const*, unsigned int) (/root/llvm-compile-time-tracker/llvm-project-build/bin/clang+++0x3cfb2ed)
#13 0x000056160c41659f (anonymous namespace)::CXXNameMangler::manglePrefix(clang::NestedNameSpecifier*) (/root/llvm-compile-time-tracker/llvm-project-build/bin/clang+++0x3cfd59f)
#14 0x000056160c40660b (anonymous namespace)::CXXNameMangler::mangleType(clang::QualType) (/root/llvm-compile-time-tracker/llvm-project-build/bin/clang+++0x3ced60b)
#15 0x000056160c40a79c (anonymous namespace)::CXXNameMangler::mangleBareFunctionType(clang::FunctionProtoType const*, bool, clang::FunctionDecl const*) (/root/llvm-compile-time-tracker/llvm-project-build/bin/clang+++0x3cf179c)
#16 0x000056160c40fb31 (anonymous namespace)::CXXNameMangler::mangleFunctionEncoding(clang::GlobalDecl) (/root/llvm-compile-time-tracker/llvm-project-build/bin/clang+++0x3cf6b31)
#17 0x000056160c4120a2 (anonymous namespace)::ItaniumMangleContextImpl::mangleCXXName(clang::GlobalDecl, llvm::raw_ostream&) (/root/llvm-compile-time-tracker/llvm-project-build/bin/clang+++0x3cf90a2)
#18 0x000056160a6bfa22 getMangledNameImpl(clang::CodeGen::CodeGenModule const&, clang::GlobalDecl, clang::NamedDecl const*, bool) (/root/llvm-compile-time-tracker/llvm-project-build/bin/clang+++0x1fa6a22)
#19 0x000056160a6c4bf4 clang::CodeGen::CodeGenModule::getMangledName(clang::GlobalDecl) (/root/llvm-compile-time-tracker/llvm-project-build/bin/clang+++0x1fabbf4)
#20 0x000056160a6f8ecb clang::CodeGen::CodeGenModule::EmitGlobal(clang::GlobalDecl) (/root/llvm-compile-time-tracker/llvm-project-build/bin/clang+++0x1fdfecb)
#21 0x000056160a6fefa9 clang::CodeGen::CodeGenModule::EmitTopLevelDecl(clang::Decl*) (.part.0) (/root/llvm-compile-time-tracker/llvm-project-build/bin/clang+++0x1fe5fa9)
#22 0x000056160b2a0081 (anonymous namespace)::CodeGeneratorImpl::HandleTopLevelDecl(clang::DeclGroupRef) (/root/llvm-compile-time-tracker/llvm-project-build/bin/clang+++0x2b87081)
#23 0x000056160b293c2d clang::BackendConsumer::HandleTopLevelDecl(clang::DeclGroupRef) (/root/llvm-compile-time-tracker/llvm-project-build/bin/clang+++0x2b7ac2d)
#24 0x000056160bfaa90c clang::Sema::InstantiateFunctionDefinition(clang::SourceLocation, clang::FunctionDecl*, bool, bool, bool) (/root/llvm-compile-time-tracker/llvm-project-build/bin/clang+++0x389190c)
#25 0x000056160bfa90ff clang::Sema::PerformPendingInstantiations(bool) (/root/llvm-compile-time-tracker/llvm-project-build/bin/clang+++0x38900ff)
#26 0x000056160bfab09c clang::Sema::InstantiateFunctionDefinition(clang::SourceLocation, clang::FunctionDecl*, bool, bool, bool) (/root/llvm-compile-time-tracker/llvm-project-build/bin/clang+++0x389209c)
#27 0x000056160bfa90ff clang::Sema::PerformPendingInstantiations(bool) (/root/llvm-compile-time-tracker/llvm-project-build/bin/clang+++0x38900ff)
#28 0x000056160bfab09c clang::Sema::InstantiateFunctionDefinition(clang::SourceLocation, clang::FunctionDecl*, bool, bool, bool) (/root/llvm-compile-time-tracker/llvm-project-build/bin/clang+++0x389209c)
#29 0x000056160bfa90ff clang::Sema::PerformPendingInstantiations(bool) (/root/llvm-compile-time-tracker/llvm-project-build/bin/clang+++0x38900ff)
#30 0x000056160bfab09c clang::Sema::InstantiateFunctionDefinition(clang::SourceLocation, clang::FunctionDecl*, bool, bool, bool) (/root/llvm-compile-time-tracker/llvm-project-build/bin/clang+++0x389209c)
#31 0x000056160bfa90ff clang::Sema::PerformPendingInstantiations(bool) (/root/llvm-compile-time-tracker/llvm-project-build/bin/clang+++0x38900ff)
#32 0x000056160bfab09c clang::Sema::InstantiateFunctionDefinition(clang::SourceLocation, clang::FunctionDecl*, bool, bool, bool) (/root/llvm-compile-time-tracker/llvm-project-build/bin/clang+++0x389209c)
#33 0x000056160bfa90ff clang::Sema::PerformPendingInstantiations(bool) (/root/llvm-compile-time-tracker/llvm-project-build/bin/clang+++0x38900ff)
#34 0x000056160bfab09c clang::Sema::InstantiateFunctionDefinition(clang::SourceLocation, clang::FunctionDecl*, bool, bool, bool) (/root/llvm-compile-time-tracker/llvm-project-build/bin/clang+++0x389209c)
#35 0x000056160bfa90ff clang::Sema::PerformPendingInstantiations(bool) (/root/llvm-compile-time-tracker/llvm-project-build/bin/clang+++0x38900ff)
#36 0x000056160bfab09c clang::Sema::InstantiateFunctionDefinition(clang::SourceLocation, clang::FunctionDecl*, bool, bool, bool) (/root/llvm-compile-time-tracker/llvm-project-build/bin/clang+++0x389209c)
#37 0x000056160bfa90ff clang::Sema::PerformPendingInstantiations(bool) (/root/llvm-compile-time-tracker/llvm-project-build/bin/clang+++0x38900ff)
#38 0x000056160b766fa7 clang::Sema::ActOnEndOfTranslationUnitFragment(clang::Sema::TUFragmentKind) (.part.0) (/root/llvm-compile-time-tracker/llvm-project-build/bin/clang+++0x304dfa7)
#39 0x000056160b7675e1 clang::Sema::ActOnEndOfTranslationUnit() (/root/llvm-compile-time-tracker/llvm-project-build/bin/clang+++0x304e5e1)
#40 0x000056160b6309d2 clang::Parser::ParseTopLevelDecl(clang::OpaquePtr<clang::DeclGroupRef>&, bool) (/root/llvm-compile-time-tracker/llvm-project-build/bin/clang+++0x2f179d2)
#41 0x000056160b6217a9 clang::ParseAST(clang::Sema&, bool, bool) (/root/llvm-compile-time-tracker/llvm-project-build/bin/clang+++0x2f087a9)
#42 0x000056160ac26991 clang::FrontendAction::Execute() (/root/llvm-compile-time-tracker/llvm-project-build/bin/clang+++0x250d991)
#43 0x000056160abd675b clang::CompilerInstance::ExecuteAction(clang::FrontendAction&) (/root/llvm-compile-time-tracker/llvm-project-build/bin/clang+++0x24bd75b)
#44 0x000056160acf7153 clang::ExecuteCompilerInvocation(clang::CompilerInstance*) (/root/llvm-compile-time-tracker/llvm-project-build/bin/clang+++0x25de153)
#45 0x00005616091b6edb cc1_main(llvm::ArrayRef<char const*>, char const*, void*) (/root/llvm-compile-time-tracker/llvm-project-build/bin/clang+++0xa9dedb)
#46 0x00005616091b47cb ExecuteCC1Tool(llvm::SmallVectorImpl<char const*>&) (/root/llvm-compile-time-tracker/llvm-project-build/bin/clang+++0xa9b7cb)
#47 0x000056160aa8a899 void llvm::function_ref<void ()>::callback_fn<clang::driver::CC1Command::Execute(llvm::ArrayRef<llvm::Optional<llvm::StringRef> >, std::__cxx11::basic_string<char, std::char_traits<char>, std::allocator<char> >*, bool*) const::'lambda'()>(long) (/root/llvm-compile-time-tracker/llvm-project-build/bin/clang+++0x2371899)
#48 0x000056160a2aa567 llvm::CrashRecoveryContext::RunSafely(llvm::function_ref<void ()>) (/root/llvm-compile-time-tracker/llvm-project-build/bin/clang+++0x1b91567)
#49 0x000056160aa8b385 clang::driver::CC1Command::Execute(llvm::ArrayRef<llvm::Optional<llvm::StringRef> >, std::__cxx11::basic_string<char, std::char_traits<char>, std::allocator<char> >*, bool*) const (.part.0) (/root/llvm-compile-time-tracker/llvm-project-build/bin/clang+++0x2372385)
#50 0x000056160aa5f82c clang::driver::Compilation::ExecuteCommand(clang::driver::Command const&, clang::driver::Command const*&) const (/root/llvm-compile-time-tracker/llvm-project-build/bin/clang+++0x234682c)
#51 0x000056160aa60236 clang::driver::Compilation::ExecuteJobs(clang::driver::JobList const&, llvm::SmallVectorImpl<std::pair<int, clang::driver::Command const*> >&) const (/root/llvm-compile-time-tracker/llvm-project-build/bin/clang+++0x2347236)
#52 0x000056160aa676a2 clang::driver::Driver::ExecuteCompilation(clang::driver::Compilation&, llvm::SmallVectorImpl<std::pair<int, clang::driver::Command const*> >&) (/root/llvm-compile-time-tracker/llvm-project-build/bin/clang+++0x234e6a2)
#53 0x000056160913b533 main (/root/llvm-compile-time-tracker/llvm-project-build/bin/clang+++0xa22533)
#54 0x00007f5afd75c0b3 __libc_start_main (/lib/x86_64-linux-gnu/libc.so.6+0x270b3)
#55 0x00005616091b435e _start (/root/llvm-compile-time-tracker/llvm-project-build/bin/clang+++0xa9b35e)
clang-12: error: clang frontend command failed with exit code 139 (use -v to see invocation)
clang version 12.0.0
Target: x86_64-unknown-linux-gnu
Thread model: posix
InstalledDir: /root/llvm-compile-time-tracker/llvm-project-build/bin
clang-12: note: diagnostic msg: 
********************

PLEASE ATTACH THE FOLLOWING FILES TO THE BUG REPORT:
Preprocessed source(s) and associated run script(s) are located at:
clang-12: note: diagnostic msg: /tmp/tramp3d-v4-457b54.cpp
clang-12: note: diagnostic msg: /tmp/tramp3d-v4-457b54.sh
clang-12: note: diagnostic msg: 

********************
[355/650] Linking CXX executable CTMark/Bullet/bullet
[356/650] Building CXX object CTMark/kimwitu++/CMakeFiles/kc.dir/kimwy.cc.o
[357/650] Building CXX object CTMark/kimwitu++/CMakeFiles/kc.dir/main.cc.o
[358/650] Building CXX object CTMark/kimwitu++/CMakeFiles/kc.dir/k.cc.o
ninja: build stopped: subcommand failed.


STDERR:
