STDOUT:

FAILED: tools/clang/lib/Sema/CMakeFiles/obj.clangSema.dir/SemaTemplate.cpp.o 
CCACHE_CPP2=yes CCACHE_HASHDIR=yes /usr/bin/ccache /usr/bin/c++  -DGTEST_HAS_RTTI=0 -D_GNU_SOURCE -D__STDC_CONSTANT_MACROS -D__STDC_FORMAT_MACROS -D__STDC_LIMIT_MACROS -Itools/clang/lib/Sema -I/root/llvm-compile-time-tracker/llvm-project/clang/lib/Sema -I/root/llvm-compile-time-tracker/llvm-project/clang/include -Itools/clang/include -Iinclude -I/root/llvm-compile-time-tracker/llvm-project/llvm/include -fPIC -fvisibility-inlines-hidden -Werror=date-time -Wall -Wextra -Wno-unused-parameter -Wwrite-strings -Wcast-qual -Wno-missing-field-initializers -pedantic -Wno-long-long -Wimplicit-fallthrough -Wno-maybe-uninitialized -Wno-noexcept-type -Wdelete-non-virtual-dtor -Wno-comment -fdiagnostics-color -ffunction-sections -fdata-sections -fno-common -Woverloaded-virtual -fno-strict-aliasing -O3 -DNDEBUG    -fno-exceptions -fno-rtti -std=c++14 -MD -MT tools/clang/lib/Sema/CMakeFiles/obj.clangSema.dir/SemaTemplate.cpp.o -MF tools/clang/lib/Sema/CMakeFiles/obj.clangSema.dir/SemaTemplate.cpp.o.d -o tools/clang/lib/Sema/CMakeFiles/obj.clangSema.dir/SemaTemplate.cpp.o -c /root/llvm-compile-time-tracker/llvm-project/clang/lib/Sema/SemaTemplate.cpp
/root/llvm-compile-time-tracker/llvm-project/clang/lib/Sema/SemaTemplate.cpp: In member function ‘clang::QualType clang::Sema::CheckTemplateIdType(clang::TemplateName, clang::SourceLocation, clang::TemplateArgumentListInfo&)’:
/root/llvm-compile-time-tracker/llvm-project/clang/lib/Sema/SemaTemplate.cpp:3561:22: error: ‘class clang::MultiLevelTemplateArgumentList’ has no member named ‘addOuterRetainedLevels’; did you mean ‘addOuterRetainedLevel’?
     TemplateArgLists.addOuterRetainedLevels(
                      ^~~~~~~~~~~~~~~~~~~~~~
                      addOuterRetainedLevel
[2261/2556] Building CXX object tools/clang/lib/Frontend/CMakeFiles/obj.clangFrontend.dir/InterfaceStubFunctionsConsumer.cpp.o
ninja: build stopped: subcommand failed.


STDERR:
CMake Warning at CMakeLists.txt:6 (message):
  Your CMake version is 3.10.2.  Starting with LLVM 12.0.0, the minimum
  version of CMake required to build LLVM will become 3.13.4, and using an
  older CMake will become an error.  Please upgrade your CMake to at least
  3.13.4 now to avoid issues in the future!


-- Version: 0.0.0
-- Performing Test HAVE_GNU_POSIX_REGEX
-- Performing Test HAVE_GNU_POSIX_REGEX
-- Performing Test HAVE_GNU_POSIX_REGEX -- failed to compile
-- Performing Test HAVE_POSIX_REGEX
-- Performing Test HAVE_POSIX_REGEX
-- Performing Test HAVE_POSIX_REGEX -- success
-- Performing Test HAVE_STEADY_CLOCK
-- Performing Test HAVE_STEADY_CLOCK
-- Performing Test HAVE_STEADY_CLOCK -- success
Command exited with non-zero status 1
151.85user 24.23system 1:28.85elapsed 198%CPU (0avgtext+0avgdata 976376maxresident)k
18592inputs+2377144outputs (257major+3660553minor)pagefaults 0swaps
