MESSAGE: Execution of "./build_llvm_project.sh" failed

STDOUT:
[2243/2584] Building CXX object tools/clang/lib/Driver/CMakeFiles/obj.clangDriver.dir/ToolChains/InterfaceStubs.cpp.o
[2244/2584] Building CXX object tools/clang/lib/Driver/CMakeFiles/obj.clangDriver.dir/Types.cpp.o
[2245/2584] Building CXX object tools/clang/lib/Driver/CMakeFiles/obj.clangDriver.dir/XRayArgs.cpp.o
[2246/2584] Building CXX object tools/clang/lib/Serialization/CMakeFiles/obj.clangSerialization.dir/ASTCommon.cpp.o
[2247/2584] Building CXX object tools/clang/lib/Serialization/CMakeFiles/obj.clangSerialization.dir/ASTReaderDecl.cpp.o
[2248/2584] Linking CXX static library lib/libclangSema.a
[2249/2584] Building CXX object tools/clang/lib/Serialization/CMakeFiles/obj.clangSerialization.dir/ASTReaderStmt.cpp.o
[2250/2584] Linking CXX static library lib/libclangParse.a
[2251/2584] Building CXX object tools/clang/lib/Serialization/CMakeFiles/obj.clangSerialization.dir/ASTWriterDecl.cpp.o
[2252/2584] Building CXX object tools/clang/lib/Serialization/CMakeFiles/obj.clangSerialization.dir/ASTWriterStmt.cpp.o
[2253/2584] Building CXX object tools/clang/lib/Serialization/CMakeFiles/obj.clangSerialization.dir/GlobalModuleIndex.cpp.o
[2254/2584] Building CXX object tools/clang/lib/Serialization/CMakeFiles/obj.clangSerialization.dir/InMemoryModuleCache.cpp.o
[2255/2584] Building CXX object tools/clang/lib/Serialization/CMakeFiles/obj.clangSerialization.dir/ModuleFile.cpp.o
[2256/2584] Building CXX object tools/clang/lib/Serialization/CMakeFiles/obj.clangSerialization.dir/ModuleFileExtension.cpp.o
[2257/2584] Building CXX object tools/clang/lib/Serialization/CMakeFiles/obj.clangSerialization.dir/ModuleManager.cpp.o
[2258/2584] Building CXX object tools/clang/lib/Serialization/CMakeFiles/obj.clangSerialization.dir/PCHContainerOperations.cpp.o
[2259/2584] Building CXX object tools/clang/lib/Frontend/CMakeFiles/obj.clangFrontend.dir/TestModuleFileExtension.cpp.o
[2260/2584] Building CXX object tools/clang/lib/Frontend/CMakeFiles/obj.clangFrontend.dir/ASTConsumers.cpp.o
[2261/2584] Building CXX object tools/clang/lib/Serialization/CMakeFiles/obj.clangSerialization.dir/GeneratePCH.cpp.o
[2262/2584] Building CXX object tools/clang/lib/Serialization/CMakeFiles/obj.clangSerialization.dir/ASTReader.cpp.o
[2263/2584] Building CXX object tools/clang/lib/Frontend/CMakeFiles/obj.clangFrontend.dir/ChainedDiagnosticConsumer.cpp.o
[2264/2584] Building CXX object tools/clang/lib/Serialization/CMakeFiles/obj.clangSerialization.dir/ASTWriter.cpp.o
[2265/2584] Building CXX object tools/clang/lib/Frontend/CMakeFiles/obj.clangFrontend.dir/ASTMerge.cpp.o
[2266/2584] Linking CXX static library lib/libclangSerialization.a
[2267/2584] Building CXX object tools/clang/lib/Frontend/CMakeFiles/obj.clangFrontend.dir/ASTUnit.cpp.o
[2268/2584] Building CXX object tools/clang/lib/Frontend/CMakeFiles/obj.clangFrontend.dir/CreateInvocationFromCommandLine.cpp.o
[2269/2584] Building CXX object tools/clang/lib/Frontend/CMakeFiles/obj.clangFrontend.dir/ChainedIncludesSource.cpp.o
[2270/2584] Building CXX object tools/clang/lib/Frontend/CMakeFiles/obj.clangFrontend.dir/CompilerInstance.cpp.o
[2271/2584] Building CXX object tools/clang/lib/Frontend/CMakeFiles/obj.clangFrontend.dir/DiagnosticRenderer.cpp.o
[2272/2584] Building CXX object tools/clang/lib/Frontend/CMakeFiles/obj.clangFrontend.dir/CompilerInvocation.cpp.o
[2273/2584] Building CXX object tools/clang/lib/Frontend/CMakeFiles/obj.clangFrontend.dir/DependencyGraph.cpp.o
[2274/2584] Building CXX object tools/clang/lib/Frontend/CMakeFiles/obj.clangFrontend.dir/FrontendOptions.cpp.o
[2275/2584] Building CXX object tools/clang/lib/Frontend/CMakeFiles/obj.clangFrontend.dir/FrontendTiming.cpp.o
[2276/2584] Building CXX object tools/clang/lib/Frontend/CMakeFiles/obj.clangFrontend.dir/DependencyFile.cpp.o
[2277/2584] Building CXX object tools/clang/lib/Frontend/CMakeFiles/obj.clangFrontend.dir/InitHeaderSearch.cpp.o
[2278/2584] Building CXX object tools/clang/lib/Frontend/CMakeFiles/obj.clangFrontend.dir/HeaderIncludeGen.cpp.o
[2279/2584] Building CXX object tools/clang/lib/Frontend/CMakeFiles/obj.clangFrontend.dir/LayoutOverrideSource.cpp.o
[2280/2584] Building CXX object tools/clang/lib/Frontend/CMakeFiles/obj.clangFrontend.dir/LogDiagnosticPrinter.cpp.o
[2281/2584] Building CXX object tools/clang/lib/Frontend/CMakeFiles/obj.clangFrontend.dir/FrontendAction.cpp.o
[2282/2584] Building CXX object tools/clang/lib/Frontend/CMakeFiles/obj.clangFrontend.dir/MultiplexConsumer.cpp.o
[2283/2584] Building CXX object tools/clang/lib/Frontend/CMakeFiles/obj.clangFrontend.dir/InitPreprocessor.cpp.o
[2284/2584] Building CXX object tools/clang/lib/Frontend/CMakeFiles/obj.clangFrontend.dir/FrontendActions.cpp.o
[2285/2584] Building CXX object tools/clang/lib/Frontend/CMakeFiles/obj.clangFrontend.dir/SerializedDiagnosticPrinter.cpp.o
[2286/2584] Building CXX object tools/clang/lib/Frontend/CMakeFiles/obj.clangFrontend.dir/SerializedDiagnosticReader.cpp.o
[2287/2584] Building CXX object tools/clang/lib/Frontend/CMakeFiles/obj.clangFrontend.dir/TextDiagnostic.cpp.o
In file included from /root/llvm-compile-time-tracker/llvm-project/llvm/include/llvm/ADT/ArrayRef.h:14,
                 from /root/llvm-compile-time-tracker/llvm-project/clang/include/clang/Basic/Diagnostic.h:21,
                 from /root/llvm-compile-time-tracker/llvm-project/clang/include/clang/Frontend/DiagnosticRenderer.h:18,
                 from /root/llvm-compile-time-tracker/llvm-project/clang/include/clang/Frontend/TextDiagnostic.h:18,
                 from /root/llvm-compile-time-tracker/llvm-project/clang/lib/Frontend/TextDiagnostic.cpp:9:
/root/llvm-compile-time-tracker/llvm-project/llvm/include/llvm/ADT/SmallVector.h: In function ‘std::pair<llvm::SmallString<16>, bool> printableTextForNextCharacter(llvm::StringRef, size_t*, unsigned int)’:
/root/llvm-compile-time-tracker/llvm-project/llvm/include/llvm/ADT/SmallVector.h:537:7: warning: array subscript 1 is outside array bounds of ‘char [1]’ [-Warray-bounds]
  537 |       ++EltPtr;
      |       ^~
/root/llvm-compile-time-tracker/llvm-project/clang/lib/Frontend/TextDiagnostic.cpp:140:69: note: while referencing ‘<anonymous>’
  140 |         expandedCP.insert(expandedCP.begin()+3, llvm::hexdigit(c%16));
      |                                                                     ^
In file included from /root/llvm-compile-time-tracker/llvm-project/llvm/include/llvm/ADT/ArrayRef.h:14,
                 from /root/llvm-compile-time-tracker/llvm-project/clang/include/clang/Basic/Diagnostic.h:21,
                 from /root/llvm-compile-time-tracker/llvm-project/clang/include/clang/Frontend/DiagnosticRenderer.h:18,
                 from /root/llvm-compile-time-tracker/llvm-project/clang/include/clang/Frontend/TextDiagnostic.h:18,
                 from /root/llvm-compile-time-tracker/llvm-project/clang/lib/Frontend/TextDiagnostic.cpp:9:
/root/llvm-compile-time-tracker/llvm-project/llvm/include/llvm/ADT/SmallVector.h:537:7: warning: array subscript 1 is outside array bounds of ‘char [1]’ [-Warray-bounds]
  537 |       ++EltPtr;
      |       ^~
/root/llvm-compile-time-tracker/llvm-project/clang/lib/Frontend/TextDiagnostic.cpp:144:66: note: while referencing ‘<anonymous>’
  144 |         expandedCP.insert(expandedCP.begin()+3, llvm::hexdigit(0));
      |                                                                  ^
[2288/2584] Building CXX object tools/clang/lib/Frontend/CMakeFiles/obj.clangFrontend.dir/TextDiagnosticBuffer.cpp.o
[2289/2584] Building CXX object tools/clang/lib/Frontend/CMakeFiles/obj.clangFrontend.dir/ModuleDependencyCollector.cpp.o
[2290/2584] Building CXX object tools/clang/lib/Frontend/CMakeFiles/obj.clangFrontend.dir/TextDiagnosticPrinter.cpp.o
[2291/2584] Building CXX object tools/clang/lib/Frontend/CMakeFiles/obj.clangFrontend.dir/PrintPreprocessedOutput.cpp.o
[2292/2584] Building CXX object tools/clang/lib/Frontend/Rewrite/CMakeFiles/obj.clangRewriteFrontend.dir/FixItRewriter.cpp.o
[2293/2584] Building CXX object tools/clang/lib/Frontend/CMakeFiles/obj.clangFrontend.dir/PrecompiledPreamble.cpp.o
[2294/2584] Building CXX object tools/clang/lib/Frontend/CMakeFiles/obj.clangFrontend.dir/VerifyDiagnosticConsumer.cpp.o
[2295/2584] Building CXX object tools/clang/lib/Frontend/Rewrite/CMakeFiles/obj.clangRewriteFrontend.dir/FrontendActions.cpp.o
[2296/2584] Building CXX object tools/clang/lib/Frontend/Rewrite/CMakeFiles/obj.clangRewriteFrontend.dir/HTMLPrint.cpp.o
[2297/2584] Building CXX object tools/clang/lib/Frontend/Rewrite/CMakeFiles/obj.clangRewriteFrontend.dir/InclusionRewriter.cpp.o
[2298/2584] Building CXX object tools/clang/lib/Frontend/Rewrite/CMakeFiles/obj.clangRewriteFrontend.dir/RewriteModernObjC.cpp.o
[2299/2584] Building CXX object tools/clang/lib/Frontend/Rewrite/CMakeFiles/obj.clangRewriteFrontend.dir/RewriteObjC.cpp.o
[2300/2584] Building CXX object tools/clang/lib/Frontend/Rewrite/CMakeFiles/obj.clangRewriteFrontend.dir/RewriteMacros.cpp.o
[2301/2584] Building CXX object tools/clang/lib/Frontend/Rewrite/CMakeFiles/obj.clangRewriteFrontend.dir/RewriteTest.cpp.o
[2302/2584] Building CXX object tools/clang/lib/Tooling/CMakeFiles/obj.clangTooling.dir/ArgumentsAdjusters.cpp.o
[2303/2584] Building CXX object tools/clang/lib/Frontend/CMakeFiles/obj.clangFrontend.dir/InterfaceStubFunctionsConsumer.cpp.o
[2304/2584] Building CXX object tools/clang/lib/FrontendTool/CMakeFiles/obj.clangFrontendTool.dir/ExecuteCompilerInvocation.cpp.o
[2305/2584] Building CXX object tools/clang/lib/Tooling/CMakeFiles/obj.clangTooling.dir/AllTUsExecution.cpp.o
[2306/2584] Building CXX object tools/clang/lib/Tooling/CMakeFiles/obj.clangTooling.dir/ExpandResponseFilesCompilationDatabase.cpp.o
[2307/2584] Building CXX object tools/clang/lib/Tooling/CMakeFiles/obj.clangTooling.dir/FileMatchTrie.cpp.o
[2308/2584] Building CXX object tools/clang/lib/Tooling/CMakeFiles/obj.clangTooling.dir/CommonOptionsParser.cpp.o
[2309/2584] Building CXX object tools/clang/lib/Tooling/CMakeFiles/obj.clangTooling.dir/FixIt.cpp.o
[2310/2584] Building CXX object tools/clang/lib/Tooling/CMakeFiles/obj.clangTooling.dir/InterpolatingCompilationDatabase.cpp.o
[2311/2584] Building CXX object tools/clang/lib/Tooling/CMakeFiles/obj.clangTooling.dir/CompilationDatabase.cpp.o
[2312/2584] Building CXX object tools/clang/lib/Tooling/CMakeFiles/obj.clangTooling.dir/Execution.cpp.o
[2313/2584] Building CXX object tools/clang/lib/Driver/CMakeFiles/obj.clangDriver.dir/ToolChains/Clang.cpp.o
FAILED: tools/clang/lib/Driver/CMakeFiles/obj.clangDriver.dir/ToolChains/Clang.cpp.o 
CCACHE_CPP2=yes CCACHE_HASHDIR=yes /usr/bin/ccache /usr/bin/c++  -DGTEST_HAS_RTTI=0 -D_GNU_SOURCE -D__STDC_CONSTANT_MACROS -D__STDC_FORMAT_MACROS -D__STDC_LIMIT_MACROS -Itools/clang/lib/Driver -I/root/llvm-compile-time-tracker/llvm-project/clang/lib/Driver -I/root/llvm-compile-time-tracker/llvm-project/clang/include -Itools/clang/include -Iinclude -I/root/llvm-compile-time-tracker/llvm-project/llvm/include -fPIC -fvisibility-inlines-hidden -Werror=date-time -Wall -Wextra -Wno-unused-parameter -Wwrite-strings -Wcast-qual -Wno-missing-field-initializers -pedantic -Wno-long-long -Wimplicit-fallthrough -Wno-maybe-uninitialized -Wno-class-memaccess -Wno-redundant-move -Wno-noexcept-type -Wdelete-non-virtual-dtor -Wsuggest-override -Wno-comment -fdiagnostics-color -ffunction-sections -fdata-sections -fno-common -Woverloaded-virtual -fno-strict-aliasing -O3 -DNDEBUG    -fno-exceptions -fno-rtti -std=c++14 -MD -MT tools/clang/lib/Driver/CMakeFiles/obj.clangDriver.dir/ToolChains/Clang.cpp.o -MF tools/clang/lib/Driver/CMakeFiles/obj.clangDriver.dir/ToolChains/Clang.cpp.o.d -o tools/clang/lib/Driver/CMakeFiles/obj.clangDriver.dir/ToolChains/Clang.cpp.o -c /root/llvm-compile-time-tracker/llvm-project/clang/lib/Driver/ToolChains/Clang.cpp
/root/llvm-compile-time-tracker/llvm-project/clang/lib/Driver/ToolChains/Clang.cpp: In member function ‘void clang::driver::tools::Clang::AddPPCTargetArgs(const llvm::opt::ArgList&, llvm::opt::ArgStringList&) const’:
/root/llvm-compile-time-tracker/llvm-project/clang/lib/Driver/ToolChains/Clang.cpp:1886:11: warning: init-statement in selection statements only available with ‘-std=c++17’ or ‘-std=gnu++17’
 1886 |       if ((T.isOSFreeBSD() && T.getOSMajorVersion() >= 13) ||
      |           ^
/root/llvm-compile-time-tracker/llvm-project/clang/lib/Driver/ToolChains/Clang.cpp:1887:40: error: expected ‘;’ before ‘ABIName’
 1887 |           T.isOSOpenBSD() || T.isMusl()
      |                                        ^
      |                                        ;
 1888 |         ABIName = "elfv2";
      |         ~~~~~~~                         
/root/llvm-compile-time-tracker/llvm-project/clang/lib/Driver/ToolChains/Clang.cpp:1889:7: error: expected primary-expression before ‘else’
 1889 |       else
      |       ^~~~
/root/llvm-compile-time-tracker/llvm-project/clang/lib/Driver/ToolChains/Clang.cpp:1888:27: error: expected ‘)’ before ‘else’
 1888 |         ABIName = "elfv2";
      |                           ^
      |                           )
 1889 |       else
      |       ~~~~                 
/root/llvm-compile-time-tracker/llvm-project/clang/lib/Driver/ToolChains/Clang.cpp:1886:10: note: to match this ‘(’
 1886 |       if ((T.isOSFreeBSD() && T.getOSMajorVersion() >= 13) ||
      |          ^
/root/llvm-compile-time-tracker/llvm-project/clang/lib/Driver/ToolChains/Clang.cpp:1890:26: warning: suggest braces around empty body in an ‘if’ statement [-Wempty-body]
 1890 |         ABIName = "elfv1";
      |                          ^
[2314/2584] Building CXX object tools/clang/lib/Tooling/CMakeFiles/obj.clangTooling.dir/GuessTargetAndModeCompilationDatabase.cpp.o
[2315/2584] Building CXX object tools/clang/lib/Tooling/CMakeFiles/obj.clangTooling.dir/JSONCompilationDatabase.cpp.o
[2316/2584] Building CXX object tools/clang/lib/Tooling/CMakeFiles/obj.clangTooling.dir/Refactoring.cpp.o
[2317/2584] Building CXX object tools/clang/lib/Driver/CMakeFiles/obj.clangDriver.dir/ToolChains/HIP.cpp.o
[2318/2584] Building CXX object tools/clang/lib/Tooling/CMakeFiles/obj.clangTooling.dir/RefactoringCallbacks.cpp.o
ninja: build stopped: subcommand failed.


STDERR:
-- Version: 0.0.0
-- Performing Test HAVE_GNU_POSIX_REGEX
-- Performing Test HAVE_GNU_POSIX_REGEX
-- Performing Test HAVE_GNU_POSIX_REGEX -- failed to compile
-- Performing Test HAVE_POSIX_REGEX
-- Performing Test HAVE_POSIX_REGEX
-- Performing Test HAVE_POSIX_REGEX -- success
-- Performing Test HAVE_STEADY_CLOCK
-- Performing Test HAVE_STEADY_CLOCK
-- Performing Test HAVE_STEADY_CLOCK -- success
Command exited with non-zero status 1
91.07user 10.37system 0:17.42elapsed 582%CPU (0avgtext+0avgdata 412920maxresident)k
0inputs+2840736outputs (252major+4054139minor)pagefaults 0swaps
